xterm: Xt error: Can't open display: 
xterm: DISPLAY is not set
xterm: Xt error: Can't open display: 
xterm: DISPLAY is not set
xterm: Xt error: Can't open display: 
xterm: DISPLAY is not set
xterm: Xt error: Can't open display: 
xterm: DISPLAY is not set
xterm: Xt error: Can't open display: 
xterm: DISPLAY is not set
xterm: Xt error: Can't open display: 
xterm: DISPLAY is not set
xterm: Xt error: Can't open display: 
xterm: DISPLAY is not set
xterm: Xt error: Can't open display: 
xterm: DISPLAY is not set
--------------------------------------------------------------------------
Primary job  terminated normally, but 1 process returned
a non-zero exit code. Per user-direction, the job has been aborted.
--------------------------------------------------------------------------
--------------------------------------------------------------------------
mpiexec detected that one or more processes exited with non-zero status, thus causing
the job to be terminated. The first process to do so was:

  Process name: [[42609,1],0]
  Exit code:    1
--------------------------------------------------------------------------
Command exited with non-zero status 1
	Command being timed: "mpiexec -n 8 xterm -e gdb ./code_parallel/build/apps/run_full_code.parallel"
	User time (seconds): 0.05
	System time (seconds): 0.08
	Percent of CPU this job got: 49%
	Elapsed (wall clock) time (h:mm:ss or m:ss): 0:00.28
	Average shared text size (kbytes): 0
	Average unshared data size (kbytes): 0
	Average stack size (kbytes): 0
	Average total size (kbytes): 0
	Maximum resident set size (kbytes): 18504
	Average resident set size (kbytes): 0
	Major (requiring I/O) page faults: 119
	Minor (reclaiming a frame) page faults: 5156
	Voluntary context switches: 565
	Involuntary context switches: 32
	Swaps: 0
	File system inputs: 4144
	File system outputs: 8
	Socket messages sent: 0
	Socket messages received: 0
	Signals delivered: 0
	Page size (bytes): 4096
	Exit status: 1
