No arguments given, using default size 1344x768
No arguments given, using default size 1344x768
No arguments given, using default size 1344x768
No arguments given, using default size 1344x768
No arguments given, using default size 1344x768
No arguments given, using default size 1344x768
Mandelbrot set calculation for 1344x768 took: 1788 ms.
Mandelbrot set calculation for 1344x768 took: 1851 ms.
Mandelbrot set calculation for 1344x768 took: 1856 ms.
Mandelbrot set calculation for 1344x768 took: 1891 ms.
Mandelbrot set calculation for 1344x768 took: 1900 ms.
Mandelbrot set calculation for 1344x768 took: 1914 ms.
double free or corruption (out)
[n001:696760] *** Process received signal ***
[n001:696760] Signal: Aborted (6)
[n001:696760] Signal code:  (-6)
[n001:696760] [ 0] /lib64/libpthread.so.0(+0x12cf0)[0x1540a5eb8cf0]
[n001:696760] [ 1] /lib64/libc.so.6(gsignal+0x10f)[0x1540a5b2facf]
[n001:696760] [ 2] /lib64/libc.so.6(abort+0x127)[0x1540a5b02ea5]
[n001:696760] [ 3] /lib64/libc.so.6(+0x8fcd7)[0x1540a5b70cd7]
[n001:696760] [ 4] /lib64/libc.so.6(+0x96fdc)[0x1540a5b77fdc]
[n001:696760] [ 5] /lib64/libc.so.6(+0x99060)[0x1540a5b7a060]
[n001:696760] [ 6] ./build/mandelbrot_mpi[0x402937]
[n001:696760] [ 7] /lib64/libc.so.6(__libc_start_main+0xe5)[0x1540a5b1bd85]
[n001:696760] [ 8] ./build/mandelbrot_mpi[0x402dfe]
[n001:696760] *** End of error message ***
--------------------------------------------------------------------------
Primary job  terminated normally, but 1 process returned
a non-zero exit code. Per user-direction, the job has been aborted.
--------------------------------------------------------------------------
--------------------------------------------------------------------------
mpiexec noticed that process rank 0 with PID 0 on node n001 exited on signal 6 (Aborted).
--------------------------------------------------------------------------
